#
# There is insufficient memory for the Java Runtime Environment to continue.
# Native memory allocation (malloc) failed to allocate 1675056 bytes for Chunk::new
# Possible reasons:
#   The system is out of physical RAM or swap space
#   In 32 bit mode, the process size limit was hit
# Possible solutions:
#   Reduce memory load on the system
#   Increase physical memory or swap space
#   Check if swap backing store is full
#   Use 64 bit Java on a 64 bit OS
#   Decrease Java heap size (-Xmx/-Xms)
#   Decrease number of Java threads
#   Decrease Java thread stack sizes (-Xss)
#   Set larger code cache with -XX:ReservedCodeCacheSize=
# This output file may be truncated or incomplete.
#
#  Out of Memory Error (allocation.cpp:390), pid=9904, tid=0x0000000000001600
#
# JRE version: Java(TM) SE Runtime Environment (8.0_111-b14) (build 1.8.0_111-b14)
# Java VM: Java HotSpot(TM) 64-Bit Server VM (25.111-b14 mixed mode windows-amd64 compressed oops)
# Failed to write core dump. Minidumps are not enabled by default on client versions of Windows
#

---------------  T H R E A D  ---------------

Current thread (0x00000000199bf800):  JavaThread "C2 CompilerThread1" daemon [_thread_in_native, id=5632, stack(0x000000001b130000,0x000000001b230000)]

Stack: [0x000000001b130000,0x000000001b230000]
[error occurred during error reporting (printing stack bounds), id 0xc0000005]

Native frames: (J=compiled Java code, j=interpreted, Vv=VM code, C=native code)


Current CompileTask:
C2:  17788 1973       4       javax.swing.JComponent::reshape (10 bytes)


---------------  P R O C E S S  ---------------

Java Threads: ( => current thread )
  0x000000001b729000 JavaThread "Abandoned connection cleanup thread" daemon [_thread_blocked, id=12328, stack(0x000000001e1a0000,0x000000001e2a0000)]
  0x000000001bbf6000 JavaThread "TimerQueue" daemon [_thread_blocked, id=8088, stack(0x000000001e0a0000,0x000000001e1a0000)]
  0x00000000027d0800 JavaThread "DestroyJavaVM" [_thread_blocked, id=10248, stack(0x00000000026a0000,0x00000000027a0000)]
  0x000000001bb0a000 JavaThread "AWT-EventQueue-0" [_thread_blocked, id=5640, stack(0x000000001c750000,0x000000001c850000)]
  0x000000001bb03800 JavaThread "AWT-Windows" daemon [_thread_in_native, id=12144, stack(0x000000001c470000,0x000000001c570000)]
  0x000000001baa6800 JavaThread "AWT-Shutdown" [_thread_blocked, id=7948, stack(0x000000001c370000,0x000000001c470000)]
  0x000000001baa3800 JavaThread "Java2D Disposer" daemon [_thread_blocked, id=6204, stack(0x000000001c270000,0x000000001c370000)]
  0x000000001b360800 JavaThread "Service Thread" daemon [_thread_blocked, id=11524, stack(0x000000001b730000,0x000000001b830000)]
  0x00000000199c5000 JavaThread "C1 CompilerThread2" daemon [_thread_blocked, id=3380, stack(0x000000001b230000,0x000000001b330000)]
=>0x00000000199bf800 JavaThread "C2 CompilerThread1" daemon [_thread_in_native, id=5632, stack(0x000000001b130000,0x000000001b230000)]
  0x00000000199bc000 JavaThread "C2 CompilerThread0" daemon [_thread_in_native, id=6044, stack(0x000000001b030000,0x000000001b130000)]
  0x00000000199ba800 JavaThread "Attach Listener" daemon [_thread_blocked, id=11068, stack(0x000000001af30000,0x000000001b030000)]
  0x00000000199b9000 JavaThread "Signal Dispatcher" daemon [_thread_blocked, id=10124, stack(0x000000001ae30000,0x000000001af30000)]
  0x00000000028ca000 JavaThread "Finalizer" daemon [_thread_blocked, id=12152, stack(0x000000001ac30000,0x000000001ad30000)]
  0x00000000028bf000 JavaThread "Reference Handler" daemon [_thread_blocked, id=9680, stack(0x000000001ab30000,0x000000001ac30000)]

Other Threads:
  0x0000000019987800 VMThread [stack: 0x000000001aa30000,0x000000001ab30000] [id=1840]
  0x000000001b38b800 WatcherThread [stack: 0x000000001b830000,0x000000001b930000] [id=3836]

VM state:not at safepoint (normal execution)

VM Mutex/Monitor currently owned by a thread: None

Heap:
 PSYoungGen      total 57344K, used 21952K [0x0000000780780000, 0x0000000784780000, 0x00000007c0000000)
  eden space 49152K, 32% used [0x0000000780780000,0x000000078171d8a8,0x0000000783780000)
  from space 8192K, 72% used [0x0000000783f80000,0x00000007845528e0,0x0000000784780000)
  to   space 8192K, 0% used [0x0000000783780000,0x0000000783780000,0x0000000783f80000)
 ParOldGen       total 131072K, used 2772K [0x0000000701600000, 0x0000000709600000, 0x0000000780780000)
  object space 131072K, 2% used [0x0000000701600000,0x00000007018b52d8,0x0000000709600000)
 Metaspace       used 15950K, capacity 16162K, committed 16384K, reserved 1062912K
  class space    used 1895K, capacity 1971K, committed 2048K, reserved 1048576K

Card table byte_map: [0x0000000011c90000,0x0000000012290000] byte_map_base: 0x000000000e485000

Marking Bits: (ParMarkBitMap*) 0x000000006f5da6c0
 Begin Bits: [0x0000000012a90000, 0x0000000015a38000)
 End Bits:   [0x0000000015a38000, 0x00000000189e0000)

Polling page: 0x0000000000e90000

CodeCache: size=245760Kb used=6507Kb max_used=6507Kb free=239252Kb
 bounds [0x00000000028d0000, 0x0000000002f30000, 0x00000000118d0000]
 total_blobs=2581 nmethods=2028 adapters=464
 compilation: enabled

Compilation events (10 events):
Event: 17.666 Thread 0x00000000199c5000 2030       3       javax.swing.JComponent::addNotify (26 bytes)
Event: 17.667 Thread 0x00000000199c5000 nmethod 2030 0x0000000002f28110 code [0x0000000002f282e0, 0x0000000002f28a08]
Event: 17.678 Thread 0x00000000199c5000 2031   !   3       java.awt.BorderLayout::layoutContainer (396 bytes)
Event: 17.680 Thread 0x00000000199c5000 nmethod 2031 0x0000000002f28c10 code [0x0000000002f28ee0, 0x0000000002f2a408]
Event: 17.680 Thread 0x00000000199c5000 2032       3       sun.awt.windows.WComponentPeer::layout (1 bytes)
Event: 17.680 Thread 0x00000000199c5000 nmethod 2032 0x0000000002f2b050 code [0x0000000002f2b1a0, 0x0000000002f2b2f0]
Event: 17.684 Thread 0x00000000199c5000 2033       3       sun.java2d.pipe.Region::getIntersection (132 bytes)
Event: 17.685 Thread 0x00000000199c5000 nmethod 2033 0x0000000002f2b350 code [0x0000000002f2b500, 0x0000000002f2bd08]
Event: 17.702 Thread 0x00000000199c5000 2034   !   3       javax.swing.RepaintManager::paintDirtyRegions (196 bytes)
Event: 17.704 Thread 0x00000000199c5000 nmethod 2034 0x0000000002f2bed0 code [0x0000000002f2c280, 0x0000000002f2df28]

GC Heap History (8 events):
Event: 14.879 GC heap before
{Heap before GC invocations=1 (full 0):
 PSYoungGen      total 57344K, used 47183K [0x0000000780780000, 0x0000000784780000, 0x00000007c0000000)
  eden space 49152K, 95% used [0x0000000780780000,0x0000000783593f00,0x0000000783780000)
  from space 8192K, 0% used [0x0000000783f80000,0x0000000783f80000,0x0000000784780000)
  to   space 8192K, 0% used [0x0000000783780000,0x0000000783780000,0x0000000783f80000)
 ParOldGen       total 131072K, used 0K [0x0000000701600000, 0x0000000709600000, 0x0000000780780000)
  object space 131072K, 0% used [0x0000000701600000,0x0000000701600000,0x0000000709600000)
 Metaspace       used 15687K, capacity 15906K, committed 16128K, reserved 1062912K
  class space    used 1895K, capacity 1971K, committed 2048K, reserved 1048576K
Event: 14.884 GC heap after
Heap after GC invocations=1 (full 0):
 PSYoungGen      total 57344K, used 8179K [0x0000000780780000, 0x0000000784780000, 0x00000007c0000000)
  eden space 49152K, 0% used [0x0000000780780000,0x0000000780780000,0x0000000783780000)
  from space 8192K, 99% used [0x0000000783780000,0x0000000783f7ccc8,0x0000000783f80000)
  to   space 8192K, 0% used [0x0000000783f80000,0x0000000783f80000,0x0000000784780000)
 ParOldGen       total 131072K, used 79K [0x0000000701600000, 0x0000000709600000, 0x0000000780780000)
  object space 131072K, 0% used [0x0000000701600000,0x0000000701613d68,0x0000000709600000)
 Metaspace       used 15687K, capacity 15906K, committed 16128K, reserved 1062912K
  class space    used 1895K, capacity 1971K, committed 2048K, reserved 1048576K
}
Event: 17.162 GC heap before
{Heap before GC invocations=2 (full 0):
 PSYoungGen      total 57344K, used 56842K [0x0000000780780000, 0x0000000784780000, 0x00000007c0000000)
  eden space 49152K, 99% used [0x0000000780780000,0x0000000783705e30,0x0000000783780000)
  from space 8192K, 99% used [0x0000000783780000,0x0000000783f7ccc8,0x0000000783f80000)
  to   space 8192K, 0% used [0x0000000783f80000,0x0000000783f80000,0x0000000784780000)
 ParOldGen       total 131072K, used 79K [0x0000000701600000, 0x0000000709600000, 0x0000000780780000)
  object space 131072K, 0% used [0x0000000701600000,0x0000000701613d68,0x0000000709600000)
 Metaspace       used 15820K, capacity 16034K, committed 16384K, reserved 1062912K
  class space    used 1895K, capacity 1971K, committed 2048K, reserved 1048576K
Event: 17.167 GC heap after
Heap after GC invocations=2 (full 0):
 PSYoungGen      total 57344K, used 8170K [0x0000000780780000, 0x0000000784780000, 0x00000007c0000000)
  eden space 49152K, 0% used [0x0000000780780000,0x0000000780780000,0x0000000783780000)
  from space 8192K, 99% used [0x0000000783f80000,0x000000078477ab20,0x0000000784780000)
  to   space 8192K, 0% used [0x0000000783780000,0x0000000783780000,0x0000000783f80000)
 ParOldGen       total 131072K, used 2756K [0x0000000701600000, 0x0000000709600000, 0x0000000780780000)
  object space 131072K, 2% used [0x0000000701600000,0x00000007018b12d8,0x0000000709600000)
 Metaspace       used 15820K, capacity 16034K, committed 16384K, reserved 1062912K
  class space    used 1895K, capacity 1971K, committed 2048K, reserved 1048576K
}
Event: 17.425 GC heap before
{Heap before GC invocations=3 (full 0):
 PSYoungGen      total 57344K, used 56525K [0x0000000780780000, 0x0000000784780000, 0x00000007c0000000)
  eden space 49152K, 98% used [0x0000000780780000,0x00000007836b8cb0,0x0000000783780000)
  from space 8192K, 99% used [0x0000000783f80000,0x000000078477ab20,0x0000000784780000)
  to   space 8192K, 0% used [0x0000000783780000,0x0000000783780000,0x0000000783f80000)
 ParOldGen       total 131072K, used 2756K [0x0000000701600000, 0x0000000709600000, 0x0000000780780000)
  object space 131072K, 2% used [0x0000000701600000,0x00000007018b12d8,0x0000000709600000)
 Metaspace       used 15873K, capacity 16098K, committed 16384K, reserved 1062912K
  class space    used 1895K, capacity 1971K, committed 2048K, reserved 1048576K
Event: 17.432 GC heap after
Heap after GC invocations=3 (full 0):
 PSYoungGen      total 57344K, used 5799K [0x0000000780780000, 0x0000000784780000, 0x00000007c0000000)
  eden space 49152K, 0% used [0x0000000780780000,0x0000000780780000,0x0000000783780000)
  from space 8192K, 70% used [0x0000000783780000,0x0000000783d29e50,0x0000000783f80000)
  to   space 8192K, 0% used [0x0000000783f80000,0x0000000783f80000,0x0000000784780000)
 ParOldGen       total 131072K, used 2764K [0x0000000701600000, 0x0000000709600000, 0x0000000780780000)
  object space 131072K, 2% used [0x0000000701600000,0x00000007018b32d8,0x0000000709600000)
 Metaspace       used 15873K, capacity 16098K, committed 16384K, reserved 1062912K
  class space    used 1895K, capacity 1971K, committed 2048K, reserved 1048576K
}
Event: 17.626 GC heap before
{Heap before GC invocations=4 (full 0):
 PSYoungGen      total 57344K, used 52204K [0x0000000780780000, 0x0000000784780000, 0x00000007c0000000)
  eden space 49152K, 94% used [0x0000000780780000,0x00000007834d1218,0x0000000783780000)
  from space 8192K, 70% used [0x0000000783780000,0x0000000783d29e50,0x0000000783f80000)
  to   space 8192K, 0% used [0x0000000783f80000,0x0000000783f80000,0x0000000784780000)
 ParOldGen       total 131072K, used 2764K [0x0000000701600000, 0x0000000709600000, 0x0000000780780000)
  object space 131072K, 2% used [0x0000000701600000,0x00000007018b32d8,0x0000000709600000)
 Metaspace       used 15921K, capacity 16098K, committed 16384K, reserved 1062912K
  class space    used 1895K, capacity 1971K, committed 2048K, reserved 1048576K
Event: 17.631 GC heap after
Heap after GC invocations=4 (full 0):
 PSYoungGen      total 57344K, used 5962K [0x0000000780780000, 0x0000000784780000, 0x00000007c0000000)
  eden space 49152K, 0% used [0x0000000780780000,0x0000000780780000,0x0000000783780000)
  from space 8192K, 72% used [0x0000000783f80000,0x00000007845528e0,0x0000000784780000)
  to   space 8192K, 0% used [0x0000000783780000,0x0000000783780000,0x0000000783f80000)
 ParOldGen       total 131072K, used 2772K [0x0000000701600000, 0x0000000709600000, 0x0000000780780000)
  object space 131072K, 2% used [0x0000000701600000,0x00000007018b52d8,0x0000000709600000)
 Metaspace       used 15921K, capacity 16098K, committed 16384K, reserved 1062912K
  class space    used 1895K, capacity 1971K, committed 2048K, reserved 1048576K
}

Deoptimization events (10 events):
Event: 3.154 Thread 0x000000001bb0a000 Uncommon trap: reason=class_check action=maybe_recompile pc=0x0000000002a564d8 method=java.lang.String.equals(Ljava/lang/Object;)Z @ 8
Event: 3.154 Thread 0x000000001bb0a000 Uncommon trap: reason=class_check action=maybe_recompile pc=0x0000000002a564d8 method=java.lang.String.equals(Ljava/lang/Object;)Z @ 8
Event: 8.482 Thread 0x000000001bb0a000 Uncommon trap: reason=unstable_if action=reinterpret pc=0x0000000002b15cd0 method=java.util.Properties.loadConvert([CII[C)Ljava/lang/String; @ 4
Event: 8.483 Thread 0x000000001bb0a000 Uncommon trap: reason=unstable_if action=reinterpret pc=0x0000000002b0f7dc method=java.util.Properties$LineReader.readLine()I @ 252
Event: 8.490 Thread 0x000000001bb0a000 Uncommon trap: reason=unstable_if action=reinterpret pc=0x0000000002b3dc8c method=java.util.Properties$LineReader.readLine()I @ 174
Event: 8.499 Thread 0x000000001bb0a000 Uncommon trap: reason=bimorphic action=maybe_recompile pc=0x0000000002b285c4 method=java.util.HashMap.getNode(ILjava/lang/Object;)Ljava/util/HashMap$Node; @ 126
Event: 8.499 Thread 0x000000001bb0a000 Uncommon trap: reason=bimorphic action=maybe_recompile pc=0x0000000002b285c4 method=java.util.HashMap.getNode(ILjava/lang/Object;)Ljava/util/HashMap$Node; @ 126
Event: 8.500 Thread 0x000000001bb0a000 Uncommon trap: reason=bimorphic action=maybe_recompile pc=0x0000000002b285c4 method=java.util.HashMap.getNode(ILjava/lang/Object;)Ljava/util/HashMap$Node; @ 126
Event: 8.500 Thread 0x000000001bb0a000 Uncommon trap: reason=bimorphic action=maybe_recompile pc=0x0000000002b285c4 method=java.util.HashMap.getNode(ILjava/lang/Object;)Ljava/util/HashMap$Node; @ 126
Event: 14.890 Thread 0x000000001bb0a000 Uncommon trap: reason=null_check action=make_not_entrant pc=0x0000000002dccb38 method=sun.java2d.pipe.AlphaPaintPipe.renderPathTile(Ljava/lang/Object;[BIIIIII)V @ 57

Internal exceptions (10 events):
Event: 0.095 Thread 0x00000000027d0800 Exception <a 'java/security/PrivilegedActionException'> (0x0000000780861e20) thrown at [C:\re\workspace\8-2-build-windows-amd64-cygwin\jdk8u111\7883\hotspot\src\share\vm\prims\jvm.cpp, line 1386]
Event: 0.095 Thread 0x00000000027d0800 Exception <a 'java/security/PrivilegedActionException'> (0x0000000780862030) thrown at [C:\re\workspace\8-2-build-windows-amd64-cygwin\jdk8u111\7883\hotspot\src\share\vm\prims\jvm.cpp, line 1386]
Event: 0.096 Thread 0x00000000027d0800 Exception <a 'java/security/PrivilegedActionException'> (0x0000000780865f18) thrown at [C:\re\workspace\8-2-build-windows-amd64-cygwin\jdk8u111\7883\hotspot\src\share\vm\prims\jvm.cpp, line 1386]
Event: 0.096 Thread 0x00000000027d0800 Exception <a 'java/security/PrivilegedActionException'> (0x0000000780866128) thrown at [C:\re\workspace\8-2-build-windows-amd64-cygwin\jdk8u111\7883\hotspot\src\share\vm\prims\jvm.cpp, line 1386]
Event: 0.100 Thread 0x00000000027d0800 Exception <a 'java/io/FileNotFoundException'> (0x00000007808683a0) thrown at [C:\re\workspace\8-2-build-windows-amd64-cygwin\jdk8u111\7883\hotspot\src\share\vm\prims\jni.cpp, line 709]
Event: 0.131 Thread 0x00000000027d0800 Exception <a 'java/lang/NoSuchFieldError': method resolution failed> (0x0000000780a2b900) thrown at [C:\re\workspace\8-2-build-windows-amd64-cygwin\jdk8u111\7883\hotspot\src\share\vm\prims\methodHandles.cpp, line 1146]
Event: 0.132 Thread 0x00000000027d0800 Exception <a 'java/lang/NoSuchFieldError': method resolution failed> (0x0000000780a38fa8) thrown at [C:\re\workspace\8-2-build-windows-amd64-cygwin\jdk8u111\7883\hotspot\src\share\vm\prims\methodHandles.cpp, line 1146]
Event: 0.176 Thread 0x000000001bb0a000 Exception <a 'java/io/FileNotFoundException'> (0x0000000780d4f750) thrown at [C:\re\workspace\8-2-build-windows-amd64-cygwin\jdk8u111\7883\hotspot\src\share\vm\prims\jni.cpp, line 709]
Event: 0.190 Thread 0x000000001bb0a000 Implicit null exception at 0x0000000002a3f726 to 0x0000000002a3f90d
Event: 14.890 Thread 0x000000001bb0a000 Implicit null exception at 0x0000000002dcb122 to 0x0000000002dccaf5

Events (10 events):
Event: 15.820 loading class java/util/ArrayList$1
Event: 15.821 loading class java/util/ArrayList$1 done
Event: 17.162 Executing VM operation: ParallelGCFailedAllocation
Event: 17.167 Executing VM operation: ParallelGCFailedAllocation done
Event: 17.168 Executing VM operation: RevokeBias
Event: 17.168 Executing VM operation: RevokeBias done
Event: 17.424 Executing VM operation: ParallelGCFailedAllocation
Event: 17.432 Executing VM operation: ParallelGCFailedAllocation done
Event: 17.626 Executing VM operation: ParallelGCFailedAllocation
Event: 17.631 Executing VM operation: ParallelGCFailedAllocation done


Dynamic libraries:
0x00007ff6a1180000 - 0x00007ff6a11b7000 	C:\Program Files\Java\jdk1.8.0_111\bin\java.exe
0x00007ffd6d290000 - 0x00007ffd6d486000 	C:\Windows\SYSTEM32\ntdll.dll
0x00007ffd6c030000 - 0x00007ffd6c0ed000 	C:\Windows\System32\KERNEL32.DLL
0x00007ffd6ad00000 - 0x00007ffd6afc9000 	C:\Windows\System32\KERNELBASE.dll
0x00007ffd6cd10000 - 0x00007ffd6cdbc000 	C:\Windows\System32\ADVAPI32.dll
0x00007ffd6d1b0000 - 0x00007ffd6d24e000 	C:\Windows\System32\msvcrt.dll
0x00007ffd6b500000 - 0x00007ffd6b59c000 	C:\Windows\System32\sechost.dll
0x00007ffd6b5a0000 - 0x00007ffd6b6cb000 	C:\Windows\System32\RPCRT4.dll
0x00007ffd6c0f0000 - 0x00007ffd6c290000 	C:\Windows\System32\USER32.dll
0x00007ffd6aa60000 - 0x00007ffd6aa82000 	C:\Windows\System32\win32u.dll
0x00007ffd6ce20000 - 0x00007ffd6ce4a000 	C:\Windows\System32\GDI32.dll
0x00007ffd6afd0000 - 0x00007ffd6b0db000 	C:\Windows\System32\gdi32full.dll
0x00007ffd6aae0000 - 0x00007ffd6ab7d000 	C:\Windows\System32\msvcp_win.dll
0x00007ffd6ac00000 - 0x00007ffd6ad00000 	C:\Windows\System32\ucrtbase.dll
0x00007ffd4fd50000 - 0x00007ffd4ffeb000 	C:\Windows\WinSxS\amd64_microsoft.windows.common-controls_6595b64144ccf1df_6.0.19041.746_none_ca02b4b61b8320a4\COMCTL32.dll
0x00007ffd6c300000 - 0x00007ffd6c330000 	C:\Windows\System32\IMM32.DLL
0x000000006ece0000 - 0x000000006edb2000 	C:\Program Files\Java\jdk1.8.0_111\jre\bin\msvcr100.dll
0x000000006edc0000 - 0x000000006f65a000 	C:\Program Files\Java\jdk1.8.0_111\jre\bin\server\jvm.dll
0x00007ffd6cd00000 - 0x00007ffd6cd08000 	C:\Windows\System32\PSAPI.DLL
0x00007ffd4fcd0000 - 0x00007ffd4fcf7000 	C:\Windows\SYSTEM32\WINMM.dll
0x00007ffd50af0000 - 0x00007ffd50af9000 	C:\Windows\SYSTEM32\WSOCK32.dll
0x00007ffd657d0000 - 0x00007ffd657da000 	C:\Windows\SYSTEM32\VERSION.dll
0x00007ffd6d0c0000 - 0x00007ffd6d12b000 	C:\Windows\System32\WS2_32.dll
0x000000006ec90000 - 0x000000006ec9f000 	C:\Program Files\Java\jdk1.8.0_111\jre\bin\verify.dll
0x000000006ec60000 - 0x000000006ec89000 	C:\Program Files\Java\jdk1.8.0_111\jre\bin\java.dll
0x000000006ec40000 - 0x000000006ec56000 	C:\Program Files\Java\jdk1.8.0_111\jre\bin\zip.dll
0x00007ffd6c3e0000 - 0x00007ffd6cb23000 	C:\Windows\System32\SHELL32.dll
0x00007ffd68b50000 - 0x00007ffd692df000 	C:\Windows\SYSTEM32\windows.storage.dll
0x00007ffd6bcd0000 - 0x00007ffd6c026000 	C:\Windows\System32\combase.dll
0x00007ffd6a360000 - 0x00007ffd6a38c000 	C:\Windows\SYSTEM32\Wldp.dll
0x00007ffd6c330000 - 0x00007ffd6c3de000 	C:\Windows\System32\SHCORE.dll
0x00007ffd6cdc0000 - 0x00007ffd6ce15000 	C:\Windows\System32\shlwapi.dll
0x00007ffd6a900000 - 0x00007ffd6a926000 	C:\Windows\SYSTEM32\profapi.dll
0x000000006ea60000 - 0x000000006ebf8000 	C:\Program Files\Java\jdk1.8.0_111\jre\bin\awt.dll
0x00007ffd6b730000 - 0x00007ffd6b7fd000 	C:\Windows\System32\OLEAUT32.dll
0x00007ffd682c0000 - 0x00007ffd68350000 	C:\Windows\SYSTEM32\apphelp.dll
0x00007ffd68440000 - 0x00007ffd684de000 	C:\Windows\system32\uxtheme.dll
0x00007ffd6cfa0000 - 0x00007ffd6d0b6000 	C:\Windows\System32\MSCTF.dll
0x00007ffd6b3d0000 - 0x00007ffd6b4fa000 	C:\Windows\System32\ole32.dll
0x00007ffd68950000 - 0x00007ffd68962000 	C:\Windows\SYSTEM32\kernel.appcore.dll
0x00007ffd6ab80000 - 0x00007ffd6ac00000 	C:\Windows\System32\bcryptPrimitives.dll
0x00007ffd68570000 - 0x00007ffd6859f000 	C:\Windows\system32\DWMAPI.DLL
0x000000006ea10000 - 0x000000006ea57000 	C:\Program Files\Java\jdk1.8.0_111\jre\bin\fontmanager.dll
0x00007ffd6cef0000 - 0x00007ffd6cf99000 	C:\Windows\System32\clbcatq.dll
0x00007ffd5fc60000 - 0x00007ffd5fe14000 	C:\Windows\SYSTEM32\WindowsCodecs.dll
0x00007ffd6a9d0000 - 0x00007ffd6a9f7000 	C:\Windows\System32\bcrypt.dll
0x00007ffd4e240000 - 0x00007ffd4e27e000 	C:\Windows\system32\dataexchange.dll
0x00007ffd66bb0000 - 0x00007ffd66e14000 	C:\Windows\system32\d3d11.dll
0x00007ffd67440000 - 0x00007ffd67627000 	C:\Windows\system32\dcomp.dll
0x00007ffd69320000 - 0x00007ffd69413000 	C:\Windows\system32\dxgi.dll
0x00007ffd65160000 - 0x00007ffd65361000 	C:\Windows\system32\twinapi.appcore.dll
0x000000006ec20000 - 0x000000006ec3a000 	C:\Program Files\Java\jdk1.8.0_111\jre\bin\net.dll
0x00007ffd6a0e0000 - 0x00007ffd6a14a000 	C:\Windows\system32\mswsock.dll
0x000000006ec00000 - 0x000000006ec11000 	C:\Program Files\Java\jdk1.8.0_111\jre\bin\nio.dll
0x000000006e9c0000 - 0x000000006ea02000 	C:\Program Files\Java\jdk1.8.0_111\jre\bin\t2k.dll
0x00007ffd5f250000 - 0x00007ffd5f34b000 	C:\Windows\SYSTEM32\textinputframework.dll
0x00007ffd67d50000 - 0x00007ffd680ae000 	C:\Windows\System32\CoreUIComponents.dll
0x00007ffd680b0000 - 0x00007ffd681a2000 	C:\Windows\System32\CoreMessaging.dll
0x00007ffd69710000 - 0x00007ffd69743000 	C:\Windows\SYSTEM32\ntmarta.dll
0x00007ffd67630000 - 0x00007ffd67784000 	C:\Windows\SYSTEM32\wintypes.dll
0x00007ffd69e10000 - 0x00007ffd69edb000 	C:\Windows\SYSTEM32\DNSAPI.dll
0x00007ffd69dd0000 - 0x00007ffd69e0b000 	C:\Windows\SYSTEM32\IPHLPAPI.DLL
0x00007ffd6cee0000 - 0x00007ffd6cee8000 	C:\Windows\System32\NSI.dll
0x00007ffd5f810000 - 0x00007ffd5f81a000 	C:\Windows\System32\rasadhlp.dll
0x00007ffd600e0000 - 0x00007ffd6015f000 	C:\Windows\System32\fwpuclnt.dll

VM Arguments:
jvm_args: -Dfile.encoding=UTF-8 
java_command: view.LoginForm
java_class_path (initial): C:\Program Files\NetBeans 8.2\ide\modules\ext\mysql-connector-java-5.1.23-bin.jar;C:\Users\arunt\Downloads\javax.mail.jar;C:\Program Files\NetBeans 8.2\java\modules\ext\eclipselink\eclipselink.jar;C:\Program Files\NetBeans 8.2\java\modules\ext\eclipselink\javax.persistence_2.1.0.v201304241213.jar;C:\Program Files\NetBeans 8.2\java\modules\ext\eclipselink\org.eclipse.persistence.jpa.jpql_2.5.2.v20140319-9ad6abd.jar;E:\master\onlineShopping\build\classes
Launcher Type: SUN_STANDARD

Environment Variables:
PATH=C:\Program Files (x86)\Common Files\Oracle\Java\javapath;C:\Windows\system32;C:\Windows;C:\Windows\System32\Wbem;C:\Windows\System32\WindowsPowerShell\v1.0\;C:\Windows\System32\OpenSSH\;C:\Program Files\Git\cmd;C:\Program Files\PuTTY\;C:\Program Files\nodejs\;C:\Users\arunt\AppData\Local\Programs\Python\Python39\Scripts\;C:\Users\arunt\AppData\Local\Programs\Python\Python39\;C:\Users\arunt\AppData\Local\Microsoft\WindowsApps;C:\Users\arunt\AppData\Roaming\npm;C:\Users\arunt\AppData\Local\Programs\Microsoft VS Code\bin
USERNAME=Arun Tamang
OS=Windows_NT
PROCESSOR_IDENTIFIER=Intel64 Family 6 Model 94 Stepping 3, GenuineIntel



---------------  S Y S T E M  ---------------

OS: Windows 10.0 , 64 bit Build 19041 (10.0.19041.662)

CPU:total 4 (4 cores per cpu, 1 threads per core) family 6 model 94 stepping 3, cmov, cx8, fxsr, mmx, sse, sse2, sse3, ssse3, sse4.1, sse4.2, popcnt, avx, avx2, aes, clmul, erms, 3dnowpref, lzcnt, tsc, tscinvbit, bmi1, bmi2, adx

Memory: 4k page, physical 12491556k(1579884k free), swap 25598624k(5392k free)

vm_info: Java HotSpot(TM) 64-Bit Server VM (25.111-b14) for windows-amd64 JRE (1.8.0_111-b14), built on Sep 22 2016 19:24:05 by "java_re" with MS VC++ 10.0 (VS2010)

time: Thu Jan 28 11:26:14 2021
elapsed time: 17 seconds (0d 0h 0m 17s)

